<?xml version="1.0" encoding="UTF-8"?>
<testng-results skipped="0" failed="0" ignored="0" total="2" passed="2">
  <reporter-output>
  </reporter-output>
  <suite name="Default suite" duration-ms="36714" started-at="2020-01-07T14:57:46 IST" finished-at="2020-01-07T14:58:23 IST">
    <groups>
    </groups>
    <test name="Default test" duration-ms="36714" started-at="2020-01-07T14:57:46 IST" finished-at="2020-01-07T14:58:23 IST">
      <class name="com.test.LoginTest">
        <test-method status="PASS" signature="setUp()[pri:0, instance:com.test.LoginTest@2f943d71]" name="setUp" is-config="true" duration-ms="17367" started-at="2020-01-07T14:57:46 IST" finished-at="2020-01-07T14:58:04 IST">
          <reporter-output>
          </reporter-output>
        </test-method> <!-- setUp -->
        <test-method status="PASS" signature="FreeCRMTitleTest()[pri:0, instance:com.test.LoginTest@2f943d71]" name="FreeCRMTitleTest" duration-ms="22" started-at="2020-01-07T14:58:04 IST" finished-at="2020-01-07T14:58:04 IST">
          <reporter-output>
          </reporter-output>
        </test-method> <!-- FreeCRMTitleTest -->
        <test-method status="PASS" signature="tearDown()[pri:0, instance:com.test.LoginTest@2f943d71]" name="tearDown" is-config="true" duration-ms="1469" started-at="2020-01-07T14:58:04 IST" finished-at="2020-01-07T14:58:05 IST">
          <reporter-output>
          </reporter-output>
        </test-method> <!-- tearDown -->
        <test-method status="PASS" signature="setUp()[pri:0, instance:com.test.LoginTest@2f943d71]" name="setUp" is-config="true" duration-ms="17046" started-at="2020-01-07T14:58:05 IST" finished-at="2020-01-07T14:58:22 IST">
          <reporter-output>
          </reporter-output>
        </test-method> <!-- setUp -->
        <test-method status="PASS" signature="FreeCRMlogoTest()[pri:0, instance:com.test.LoginTest@2f943d71]" name="FreeCRMlogoTest" duration-ms="106" started-at="2020-01-07T14:58:22 IST" finished-at="2020-01-07T14:58:22 IST">
          <reporter-output>
          </reporter-output>
        </test-method> <!-- FreeCRMlogoTest -->
        <test-method status="PASS" signature="tearDown()[pri:0, instance:com.test.LoginTest@2f943d71]" name="tearDown" is-config="true" duration-ms="668" started-at="2020-01-07T14:58:22 IST" finished-at="2020-01-07T14:58:23 IST">
          <reporter-output>
          </reporter-output>
        </test-method> <!-- tearDown -->
      </class> <!-- com.test.LoginTest -->
    </test> <!-- Default test -->
  </suite> <!-- Default suite -->
</testng-results>
